<?xml version="1.0" encoding="UTF-8"?>
<testsuite name="sw.swe.service.IssueServiceTest" tests="1" skipped="0" failures="1" errors="0" timestamp="2024-05-30T10:51:12" hostname="DESKTOP-J1L5CGN" time="0.863">
  <properties/>
  <testcase name="testFindIssuesByTitle" classname="sw.swe.service.IssueServiceTest" time="0.863">
    <failure message="java.lang.AssertionError" type="java.lang.AssertionError">java.lang.AssertionError
	at org.junit.Assert.fail(Assert.java:87)
	at org.junit.Assert.assertTrue(Assert.java:42)
	at org.junit.Assert.assertFalse(Assert.java:65)
	at org.junit.Assert.assertFalse(Assert.java:75)
	at sw.swe.service.IssueServiceTest.testFindIssuesByTitle(IssueServiceTest.java:129)
	at java.base/java.lang.reflect.Method.invoke(Method.java:580)
	at org.springframework.test.context.junit4.statements.RunBeforeTestExecutionCallbacks.evaluate(RunBeforeTestExecutionCallbacks.java:76)
	at org.springframework.test.context.junit4.statements.RunAfterTestExecutionCallbacks.evaluate(RunAfterTestExecutionCallbacks.java:84)
	at org.springframework.test.context.junit4.statements.RunBeforeTestMethodCallbacks.evaluate(RunBeforeTestMethodCallbacks.java:75)
	at org.springframework.test.context.junit4.statements.RunAfterTestMethodCallbacks.evaluate(RunAfterTestMethodCallbacks.java:86)
	at org.springframework.test.context.junit4.statements.SpringRepeat.evaluate(SpringRepeat.java:84)
	at org.springframework.test.context.junit4.SpringJUnit4ClassRunner.runChild(SpringJUnit4ClassRunner.java:252)
	at org.springframework.test.context.junit4.SpringJUnit4ClassRunner.runChild(SpringJUnit4ClassRunner.java:97)
	at org.springframework.test.context.junit4.statements.RunBeforeTestClassCallbacks.evaluate(RunBeforeTestClassCallbacks.java:61)
	at org.springframework.test.context.junit4.statements.RunAfterTestClassCallbacks.evaluate(RunAfterTestClassCallbacks.java:70)
	at org.springframework.test.context.junit4.SpringJUnit4ClassRunner.run(SpringJUnit4ClassRunner.java:191)
</failure>
  </testcase>
  <system-out><![CDATA[
  .   ____          _            __ _ _
 /\\ / ___'_ __ _ _(_)_ __  __ _ \ \ \ \
( ( )\___ | '_ | '_| | '_ \/ _` | \ \ \ \
 \\/  ___)| |_)| | | | | || (_| |  ) ) ) )
  '  |____| .__|_| |_|_| |_\__, | / / / /
 =========|_|==============|___/=/_/_/_/
 :: Spring Boot ::                (v3.2.5)

2024-05-30T19:51:08.708+09:00  INFO 24000 --- [swe] [    Test worker] sw.swe.service.IssueServiceTest          : Starting IssueServiceTest using Java 21.0.2 with PID 24000 (started by g2hyeong in C:\Users\g2hyeong\Desktop\x\cau17\Code\SWEP_ALL_CONVERTED_TO_STRING\swe\swe)
2024-05-30T19:51:08.710+09:00  INFO 24000 --- [swe] [    Test worker] sw.swe.service.IssueServiceTest          : No active profile set, falling back to 1 default profile: "default"
2024-05-30T19:51:09.323+09:00  INFO 24000 --- [swe] [    Test worker] .s.d.r.c.RepositoryConfigurationDelegate : Bootstrapping Spring Data JPA repositories in DEFAULT mode.
2024-05-30T19:51:09.344+09:00  INFO 24000 --- [swe] [    Test worker] .s.d.r.c.RepositoryConfigurationDelegate : Finished Spring Data repository scanning in 12 ms. Found 0 JPA repository interfaces.
2024-05-30T19:51:09.807+09:00  INFO 24000 --- [swe] [    Test worker] o.hibernate.jpa.internal.util.LogHelper  : HHH000204: Processing PersistenceUnitInfo [name: default]
2024-05-30T19:51:09.881+09:00  INFO 24000 --- [swe] [    Test worker] org.hibernate.Version                    : HHH000412: Hibernate ORM core version 6.4.4.Final
2024-05-30T19:51:09.925+09:00  INFO 24000 --- [swe] [    Test worker] o.h.c.internal.RegionFactoryInitiator    : HHH000026: Second-level cache disabled
2024-05-30T19:51:10.124+09:00  INFO 24000 --- [swe] [    Test worker] o.s.o.j.p.SpringPersistenceUnitInfo      : No LoadTimeWeaver setup: ignoring JPA class transformer
2024-05-30T19:51:10.147+09:00  INFO 24000 --- [swe] [    Test worker] com.zaxxer.hikari.HikariDataSource       : HikariPool-1 - Starting...
2024-05-30T19:51:10.250+09:00  INFO 24000 --- [swe] [    Test worker] com.zaxxer.hikari.pool.HikariPool        : HikariPool-1 - Added connection com.mysql.cj.jdbc.ConnectionImpl@29b8df5
2024-05-30T19:51:10.253+09:00  INFO 24000 --- [swe] [    Test worker] com.zaxxer.hikari.HikariDataSource       : HikariPool-1 - Start completed.
2024-05-30T19:51:10.284+09:00  WARN 24000 --- [swe] [    Test worker] org.hibernate.orm.deprecation            : HHH90000025: MySQL8Dialect does not need to be specified explicitly using 'hibernate.dialect' (remove the property setting and it will be selected by default)
2024-05-30T19:51:10.285+09:00  WARN 24000 --- [swe] [    Test worker] org.hibernate.orm.deprecation            : HHH90000026: MySQL8Dialect has been deprecated; use org.hibernate.dialect.MySQLDialect instead
2024-05-30T19:51:11.017+09:00  INFO 24000 --- [swe] [    Test worker] o.h.e.t.j.p.i.JtaPlatformInitiator       : HHH000489: No JTA platform available (set 'hibernate.transaction.jta.platform' to enable JTA platform integration)
2024-05-30T19:51:11.091+09:00  INFO 24000 --- [swe] [    Test worker] j.LocalContainerEntityManagerFactoryBean : Initialized JPA EntityManagerFactory for persistence unit 'default'
2024-05-30T19:51:11.377+09:00  WARN 24000 --- [swe] [    Test worker] JpaBaseConfiguration$JpaWebConfiguration : spring.jpa.open-in-view is enabled by default. Therefore, database queries may be performed during view rendering. Explicitly configure spring.jpa.open-in-view to disable this warning
2024-05-30T19:51:11.866+09:00  WARN 24000 --- [swe] [    Test worker] ion$DefaultTemplateResolverConfiguration : Cannot find template location: classpath:/templates/ (please add some templates, check your Thymeleaf configuration, or set spring.thymeleaf.check-template-location=false)
2024-05-30T19:51:12.018+09:00  INFO 24000 --- [swe] [    Test worker] sw.swe.service.IssueServiceTest          : Started IssueServiceTest in 3.544 seconds (process running for 4.522)
2024-05-30T19:51:12.898+09:00 DEBUG 24000 --- [swe] [    Test worker] org.hibernate.SQL                        : 
    select
        i1_0.issue_id,
        i1_0.description,
        i1_0.project_id,
        i1_0.reported_date,
        i1_0.reporter,
        i1_0.title 
    from
        issue i1_0 
    where
        lower(i1_0.title) like replace(lower(?), '\\', '\\\\')
]]></system-out>
  <system-err><![CDATA[WARNING: A Java agent has been loaded dynamically (C:\Users\g2hyeong\.gradle\caches\modules-2\files-2.1\net.bytebuddy\byte-buddy-agent\1.14.13\979ce25f7d3096a2e82214ba7dc972a05ce7a171\byte-buddy-agent-1.14.13.jar)
WARNING: If a serviceability tool is in use, please run with -XX:+EnableDynamicAgentLoading to hide this warning
WARNING: If a serviceability tool is not in use, please run with -Djdk.instrument.traceUsage for more information
WARNING: Dynamic loading of agents will be disallowed by default in a future release
]]></system-err>
</testsuite>
